Determining if the Q_WS_WIN exist failed with the following output:
Change Dir: /home/yufeng/research/others/compass/CMakeFiles/CMakeTmp

Run Build Command:/usr/bin/make "cmTryCompileExec2915604279/fast"
/usr/bin/make -f CMakeFiles/cmTryCompileExec2915604279.dir/build.make CMakeFiles/cmTryCompileExec2915604279.dir/build
make[1]: Entering directory `/home/yufeng/research/others/compass/CMakeFiles/CMakeTmp'
/usr/bin/cmake -E cmake_progress_report /home/yufeng/research/others/compass/CMakeFiles/CMakeTmp/CMakeFiles 1
Building C object CMakeFiles/cmTryCompileExec2915604279.dir/CheckSymbolExists.c.o
/usr/bin/cc   -I/usr/include/qt4    -o CMakeFiles/cmTryCompileExec2915604279.dir/CheckSymbolExists.c.o   -c /home/yufeng/research/others/compass/CMakeFiles/CMakeTmp/CheckSymbolExists.c
/home/yufeng/research/others/compass/CMakeFiles/CMakeTmp/CheckSymbolExists.c: In function ‘main’:
/home/yufeng/research/others/compass/CMakeFiles/CMakeTmp/CheckSymbolExists.c:8:19: error: ‘Q_WS_WIN’ undeclared (first use in this function)
   return ((int*)(&Q_WS_WIN))[argc];
                   ^
/home/yufeng/research/others/compass/CMakeFiles/CMakeTmp/CheckSymbolExists.c:8:19: note: each undeclared identifier is reported only once for each function it appears in
make[1]: Leaving directory `/home/yufeng/research/others/compass/CMakeFiles/CMakeTmp'
make[1]: *** [CMakeFiles/cmTryCompileExec2915604279.dir/CheckSymbolExists.c.o] Error 1
make: *** [cmTryCompileExec2915604279/fast] Error 2

File /home/yufeng/research/others/compass/CMakeFiles/CMakeTmp/CheckSymbolExists.c:
/* */
#include <QtCore/qglobal.h>

int main(int argc, char** argv)
{
  (void)argv;
#ifndef Q_WS_WIN
  return ((int*)(&Q_WS_WIN))[argc];
#else
  (void)argc;
  return 0;
#endif
}

Determining if the Q_WS_QWS exist failed with the following output:
Change Dir: /home/yufeng/research/others/compass/CMakeFiles/CMakeTmp

Run Build Command:/usr/bin/make "cmTryCompileExec4152358623/fast"
/usr/bin/make -f CMakeFiles/cmTryCompileExec4152358623.dir/build.make CMakeFiles/cmTryCompileExec4152358623.dir/build
make[1]: Entering directory `/home/yufeng/research/others/compass/CMakeFiles/CMakeTmp'
/usr/bin/cmake -E cmake_progress_report /home/yufeng/research/others/compass/CMakeFiles/CMakeTmp/CMakeFiles 1
Building C object CMakeFiles/cmTryCompileExec4152358623.dir/CheckSymbolExists.c.o
/usr/bin/cc   -I/usr/include/qt4    -o CMakeFiles/cmTryCompileExec4152358623.dir/CheckSymbolExists.c.o   -c /home/yufeng/research/others/compass/CMakeFiles/CMakeTmp/CheckSymbolExists.c
/home/yufeng/research/others/compass/CMakeFiles/CMakeTmp/CheckSymbolExists.c: In function ‘main’:
/home/yufeng/research/others/compass/CMakeFiles/CMakeTmp/CheckSymbolExists.c:8:19: error: ‘Q_WS_QWS’ undeclared (first use in this function)
   return ((int*)(&Q_WS_QWS))[argc];
                   ^
/home/yufeng/research/others/compass/CMakeFiles/CMakeTmp/CheckSymbolExists.c:8:19: note: each undeclared identifier is reported only once for each function it appears in
make[1]: Leaving directory `/home/yufeng/research/others/compass/CMakeFiles/CMakeTmp'
make[1]: *** [CMakeFiles/cmTryCompileExec4152358623.dir/CheckSymbolExists.c.o] Error 1
make: *** [cmTryCompileExec4152358623/fast] Error 2

File /home/yufeng/research/others/compass/CMakeFiles/CMakeTmp/CheckSymbolExists.c:
/* */
#include <QtCore/qglobal.h>

int main(int argc, char** argv)
{
  (void)argv;
#ifndef Q_WS_QWS
  return ((int*)(&Q_WS_QWS))[argc];
#else
  (void)argc;
  return 0;
#endif
}

Determining if the Q_WS_MAC exist failed with the following output:
Change Dir: /home/yufeng/research/others/compass/CMakeFiles/CMakeTmp

Run Build Command:/usr/bin/make "cmTryCompileExec4031419127/fast"
/usr/bin/make -f CMakeFiles/cmTryCompileExec4031419127.dir/build.make CMakeFiles/cmTryCompileExec4031419127.dir/build
make[1]: Entering directory `/home/yufeng/research/others/compass/CMakeFiles/CMakeTmp'
/usr/bin/cmake -E cmake_progress_report /home/yufeng/research/others/compass/CMakeFiles/CMakeTmp/CMakeFiles 1
Building C object CMakeFiles/cmTryCompileExec4031419127.dir/CheckSymbolExists.c.o
/usr/bin/cc   -I/usr/include/qt4    -o CMakeFiles/cmTryCompileExec4031419127.dir/CheckSymbolExists.c.o   -c /home/yufeng/research/others/compass/CMakeFiles/CMakeTmp/CheckSymbolExists.c
/home/yufeng/research/others/compass/CMakeFiles/CMakeTmp/CheckSymbolExists.c: In function ‘main’:
/home/yufeng/research/others/compass/CMakeFiles/CMakeTmp/CheckSymbolExists.c:8:19: error: ‘Q_WS_MAC’ undeclared (first use in this function)
   return ((int*)(&Q_WS_MAC))[argc];
                   ^
/home/yufeng/research/others/compass/CMakeFiles/CMakeTmp/CheckSymbolExists.c:8:19: note: each undeclared identifier is reported only once for each function it appears in
make[1]: Leaving directory `/home/yufeng/research/others/compass/CMakeFiles/CMakeTmp'
make[1]: *** [CMakeFiles/cmTryCompileExec4031419127.dir/CheckSymbolExists.c.o] Error 1
make: *** [cmTryCompileExec4031419127/fast] Error 2

File /home/yufeng/research/others/compass/CMakeFiles/CMakeTmp/CheckSymbolExists.c:
/* */
#include <QtCore/qglobal.h>

int main(int argc, char** argv)
{
  (void)argv;
#ifndef Q_WS_MAC
  return ((int*)(&Q_WS_MAC))[argc];
#else
  (void)argc;
  return 0;
#endif
}

Determining if the pthread_create exist failed with the following output:
Change Dir: /home/yufeng/research/others/compass/CMakeFiles/CMakeTmp

Run Build Command:/usr/bin/make "cmTryCompileExec2067208282/fast"
/usr/bin/make -f CMakeFiles/cmTryCompileExec2067208282.dir/build.make CMakeFiles/cmTryCompileExec2067208282.dir/build
make[1]: Entering directory `/home/yufeng/research/others/compass/CMakeFiles/CMakeTmp'
/usr/bin/cmake -E cmake_progress_report /home/yufeng/research/others/compass/CMakeFiles/CMakeTmp/CMakeFiles 1
Building C object CMakeFiles/cmTryCompileExec2067208282.dir/CheckSymbolExists.c.o
/usr/bin/cc    -o CMakeFiles/cmTryCompileExec2067208282.dir/CheckSymbolExists.c.o   -c /home/yufeng/research/others/compass/CMakeFiles/CMakeTmp/CheckSymbolExists.c
Linking C executable cmTryCompileExec2067208282
/usr/bin/cmake -E cmake_link_script CMakeFiles/cmTryCompileExec2067208282.dir/link.txt --verbose=1
/usr/bin/cc       CMakeFiles/cmTryCompileExec2067208282.dir/CheckSymbolExists.c.o  -o cmTryCompileExec2067208282 -rdynamic 
CMakeFiles/cmTryCompileExec2067208282.dir/CheckSymbolExists.c.o: In function `main':
CheckSymbolExists.c:(.text+0x16): undefined reference to `pthread_create'
collect2: error: ld returned 1 exit status
make[1]: *** [cmTryCompileExec2067208282] Error 1
make[1]: Leaving directory `/home/yufeng/research/others/compass/CMakeFiles/CMakeTmp'
make: *** [cmTryCompileExec2067208282/fast] Error 2

File /home/yufeng/research/others/compass/CMakeFiles/CMakeTmp/CheckSymbolExists.c:
/* */
#include <pthread.h>

int main(int argc, char** argv)
{
  (void)argv;
#ifndef pthread_create
  return ((int*)(&pthread_create))[argc];
#else
  (void)argc;
  return 0;
#endif
}

Determining if the function pthread_create exists in the pthreads failed with the following output:
Change Dir: /home/yufeng/research/others/compass/CMakeFiles/CMakeTmp

Run Build Command:/usr/bin/make "cmTryCompileExec661272172/fast"
/usr/bin/make -f CMakeFiles/cmTryCompileExec661272172.dir/build.make CMakeFiles/cmTryCompileExec661272172.dir/build
make[1]: Entering directory `/home/yufeng/research/others/compass/CMakeFiles/CMakeTmp'
/usr/bin/cmake -E cmake_progress_report /home/yufeng/research/others/compass/CMakeFiles/CMakeTmp/CMakeFiles 1
Building C object CMakeFiles/cmTryCompileExec661272172.dir/CheckFunctionExists.c.o
/usr/bin/cc   -DCHECK_FUNCTION_EXISTS=pthread_create   -o CMakeFiles/cmTryCompileExec661272172.dir/CheckFunctionExists.c.o   -c /usr/share/cmake-2.8/Modules/CheckFunctionExists.c
Linking C executable cmTryCompileExec661272172
/usr/bin/cmake -E cmake_link_script CMakeFiles/cmTryCompileExec661272172.dir/link.txt --verbose=1
/usr/bin/cc   -DCHECK_FUNCTION_EXISTS=pthread_create    CMakeFiles/cmTryCompileExec661272172.dir/CheckFunctionExists.c.o  -o cmTryCompileExec661272172 -rdynamic -lpthreads 
/usr/bin/ld: cannot find -lpthreads
collect2: error: ld returned 1 exit status
make[1]: *** [cmTryCompileExec661272172] Error 1
make[1]: Leaving directory `/home/yufeng/research/others/compass/CMakeFiles/CMakeTmp'
make: *** [cmTryCompileExec661272172/fast] Error 2


