Determining if the Q_WS_WIN exist failed with the following output:
Change Dir: /home/lijiaying/Research/GitHub/compass/build/CMakeFiles/CMakeTmp

Run Build Command:/usr/bin/make "cmTryCompileExec750138735/fast"
/usr/bin/make -f CMakeFiles/cmTryCompileExec750138735.dir/build.make CMakeFiles/cmTryCompileExec750138735.dir/build
make[1]: Entering directory `/home/lijiaying/Research/GitHub/compass/build/CMakeFiles/CMakeTmp'
/usr/bin/cmake -E cmake_progress_report /home/lijiaying/Research/GitHub/compass/build/CMakeFiles/CMakeTmp/CMakeFiles 1
Building C object CMakeFiles/cmTryCompileExec750138735.dir/CheckSymbolExists.c.o
/usr/bin/cc   -I/usr/include/qt4    -o CMakeFiles/cmTryCompileExec750138735.dir/CheckSymbolExists.c.o   -c /home/lijiaying/Research/GitHub/compass/build/CMakeFiles/CMakeTmp/CheckSymbolExists.c
/home/lijiaying/Research/GitHub/compass/build/CMakeFiles/CMakeTmp/CheckSymbolExists.c: In function ‘main’:
/home/lijiaying/Research/GitHub/compass/build/CMakeFiles/CMakeTmp/CheckSymbolExists.c:8:19: error: ‘Q_WS_WIN’ undeclared (first use in this function)
   return ((int*)(&Q_WS_WIN))[argc];
                   ^
/home/lijiaying/Research/GitHub/compass/build/CMakeFiles/CMakeTmp/CheckSymbolExists.c:8:19: note: each undeclared identifier is reported only once for each function it appears in
make[1]: Leaving directory `/home/lijiaying/Research/GitHub/compass/build/CMakeFiles/CMakeTmp'
make[1]: *** [CMakeFiles/cmTryCompileExec750138735.dir/CheckSymbolExists.c.o] Error 1
make: *** [cmTryCompileExec750138735/fast] Error 2

File /home/lijiaying/Research/GitHub/compass/build/CMakeFiles/CMakeTmp/CheckSymbolExists.c:
/* */
#include <QtCore/qglobal.h>

int main(int argc, char** argv)
{
  (void)argv;
#ifndef Q_WS_WIN
  return ((int*)(&Q_WS_WIN))[argc];
#else
  (void)argc;
  return 0;
#endif
}

Determining if the Q_WS_QWS exist failed with the following output:
Change Dir: /home/lijiaying/Research/GitHub/compass/build/CMakeFiles/CMakeTmp

Run Build Command:/usr/bin/make "cmTryCompileExec3215899591/fast"
/usr/bin/make -f CMakeFiles/cmTryCompileExec3215899591.dir/build.make CMakeFiles/cmTryCompileExec3215899591.dir/build
make[1]: Entering directory `/home/lijiaying/Research/GitHub/compass/build/CMakeFiles/CMakeTmp'
/usr/bin/cmake -E cmake_progress_report /home/lijiaying/Research/GitHub/compass/build/CMakeFiles/CMakeTmp/CMakeFiles 1
Building C object CMakeFiles/cmTryCompileExec3215899591.dir/CheckSymbolExists.c.o
/usr/bin/cc   -I/usr/include/qt4    -o CMakeFiles/cmTryCompileExec3215899591.dir/CheckSymbolExists.c.o   -c /home/lijiaying/Research/GitHub/compass/build/CMakeFiles/CMakeTmp/CheckSymbolExists.c
/home/lijiaying/Research/GitHub/compass/build/CMakeFiles/CMakeTmp/CheckSymbolExists.c: In function ‘main’:
/home/lijiaying/Research/GitHub/compass/build/CMakeFiles/CMakeTmp/CheckSymbolExists.c:8:19: error: ‘Q_WS_QWS’ undeclared (first use in this function)
   return ((int*)(&Q_WS_QWS))[argc];
                   ^
/home/lijiaying/Research/GitHub/compass/build/CMakeFiles/CMakeTmp/CheckSymbolExists.c:8:19: note: each undeclared identifier is reported only once for each function it appears in
make[1]: *** [CMakeFiles/cmTryCompileExec3215899591.dir/CheckSymbolExists.c.o] Error 1
make[1]: Leaving directory `/home/lijiaying/Research/GitHub/compass/build/CMakeFiles/CMakeTmp'
make: *** [cmTryCompileExec3215899591/fast] Error 2

File /home/lijiaying/Research/GitHub/compass/build/CMakeFiles/CMakeTmp/CheckSymbolExists.c:
/* */
#include <QtCore/qglobal.h>

int main(int argc, char** argv)
{
  (void)argv;
#ifndef Q_WS_QWS
  return ((int*)(&Q_WS_QWS))[argc];
#else
  (void)argc;
  return 0;
#endif
}

Determining if the Q_WS_MAC exist failed with the following output:
Change Dir: /home/lijiaying/Research/GitHub/compass/build/CMakeFiles/CMakeTmp

Run Build Command:/usr/bin/make "cmTryCompileExec2352550971/fast"
/usr/bin/make -f CMakeFiles/cmTryCompileExec2352550971.dir/build.make CMakeFiles/cmTryCompileExec2352550971.dir/build
make[1]: Entering directory `/home/lijiaying/Research/GitHub/compass/build/CMakeFiles/CMakeTmp'
/usr/bin/cmake -E cmake_progress_report /home/lijiaying/Research/GitHub/compass/build/CMakeFiles/CMakeTmp/CMakeFiles 1
Building C object CMakeFiles/cmTryCompileExec2352550971.dir/CheckSymbolExists.c.o
/usr/bin/cc   -I/usr/include/qt4    -o CMakeFiles/cmTryCompileExec2352550971.dir/CheckSymbolExists.c.o   -c /home/lijiaying/Research/GitHub/compass/build/CMakeFiles/CMakeTmp/CheckSymbolExists.c
/home/lijiaying/Research/GitHub/compass/build/CMakeFiles/CMakeTmp/CheckSymbolExists.c: In function ‘main’:
/home/lijiaying/Research/GitHub/compass/build/CMakeFiles/CMakeTmp/CheckSymbolExists.c:8:19: error: ‘Q_WS_MAC’ undeclared (first use in this function)
   return ((int*)(&Q_WS_MAC))[argc];
                   ^
/home/lijiaying/Research/GitHub/compass/build/CMakeFiles/CMakeTmp/CheckSymbolExists.c:8:19: note: each undeclared identifier is reported only once for each function it appears in
make[1]: *** [CMakeFiles/cmTryCompileExec2352550971.dir/CheckSymbolExists.c.o] Error 1
make[1]: Leaving directory `/home/lijiaying/Research/GitHub/compass/build/CMakeFiles/CMakeTmp'
make: *** [cmTryCompileExec2352550971/fast] Error 2

File /home/lijiaying/Research/GitHub/compass/build/CMakeFiles/CMakeTmp/CheckSymbolExists.c:
/* */
#include <QtCore/qglobal.h>

int main(int argc, char** argv)
{
  (void)argv;
#ifndef Q_WS_MAC
  return ((int*)(&Q_WS_MAC))[argc];
#else
  (void)argc;
  return 0;
#endif
}

Determining if the pthread_create exist failed with the following output:
Change Dir: /home/lijiaying/Research/GitHub/compass/build/CMakeFiles/CMakeTmp

Run Build Command:/usr/bin/make "cmTryCompileExec1612764747/fast"
/usr/bin/make -f CMakeFiles/cmTryCompileExec1612764747.dir/build.make CMakeFiles/cmTryCompileExec1612764747.dir/build
make[1]: Entering directory `/home/lijiaying/Research/GitHub/compass/build/CMakeFiles/CMakeTmp'
/usr/bin/cmake -E cmake_progress_report /home/lijiaying/Research/GitHub/compass/build/CMakeFiles/CMakeTmp/CMakeFiles 1
Building C object CMakeFiles/cmTryCompileExec1612764747.dir/CheckSymbolExists.c.o
/usr/bin/cc    -o CMakeFiles/cmTryCompileExec1612764747.dir/CheckSymbolExists.c.o   -c /home/lijiaying/Research/GitHub/compass/build/CMakeFiles/CMakeTmp/CheckSymbolExists.c
Linking C executable cmTryCompileExec1612764747
/usr/bin/cmake -E cmake_link_script CMakeFiles/cmTryCompileExec1612764747.dir/link.txt --verbose=1
/usr/bin/cc       CMakeFiles/cmTryCompileExec1612764747.dir/CheckSymbolExists.c.o  -o cmTryCompileExec1612764747 -rdynamic 
CMakeFiles/cmTryCompileExec1612764747.dir/CheckSymbolExists.c.o: In function `main':
CheckSymbolExists.c:(.text+0x16): undefined reference to `pthread_create'
collect2: error: ld returned 1 exit status
make[1]: Leaving directory `/home/lijiaying/Research/GitHub/compass/build/CMakeFiles/CMakeTmp'
make[1]: *** [cmTryCompileExec1612764747] Error 1
make: *** [cmTryCompileExec1612764747/fast] Error 2

File /home/lijiaying/Research/GitHub/compass/build/CMakeFiles/CMakeTmp/CheckSymbolExists.c:
/* */
#include <pthread.h>

int main(int argc, char** argv)
{
  (void)argv;
#ifndef pthread_create
  return ((int*)(&pthread_create))[argc];
#else
  (void)argc;
  return 0;
#endif
}

Determining if the function pthread_create exists in the pthreads failed with the following output:
Change Dir: /home/lijiaying/Research/GitHub/compass/build/CMakeFiles/CMakeTmp

Run Build Command:/usr/bin/make "cmTryCompileExec215768295/fast"
/usr/bin/make -f CMakeFiles/cmTryCompileExec215768295.dir/build.make CMakeFiles/cmTryCompileExec215768295.dir/build
make[1]: Entering directory `/home/lijiaying/Research/GitHub/compass/build/CMakeFiles/CMakeTmp'
/usr/bin/cmake -E cmake_progress_report /home/lijiaying/Research/GitHub/compass/build/CMakeFiles/CMakeTmp/CMakeFiles 1
Building C object CMakeFiles/cmTryCompileExec215768295.dir/CheckFunctionExists.c.o
/usr/bin/cc   -DCHECK_FUNCTION_EXISTS=pthread_create   -o CMakeFiles/cmTryCompileExec215768295.dir/CheckFunctionExists.c.o   -c /usr/share/cmake-2.8/Modules/CheckFunctionExists.c
Linking C executable cmTryCompileExec215768295
/usr/bin/cmake -E cmake_link_script CMakeFiles/cmTryCompileExec215768295.dir/link.txt --verbose=1
/usr/bin/cc   -DCHECK_FUNCTION_EXISTS=pthread_create    CMakeFiles/cmTryCompileExec215768295.dir/CheckFunctionExists.c.o  -o cmTryCompileExec215768295 -rdynamic -lpthreads 
/usr/bin/ld: cannot find -lpthreads
collect2: error: ld returned 1 exit status
make[1]: *** [cmTryCompileExec215768295] Error 1
make[1]: Leaving directory `/home/lijiaying/Research/GitHub/compass/build/CMakeFiles/CMakeTmp'
make: *** [cmTryCompileExec215768295/fast] Error 2


